This is pdfTeX, Version 3.14159-13d (Web2C 7.3.1) (format=pdflatex 2001.10.30)  13 JAN 2005 14:59
**lecture1.tex
(lecture1.tex[/cs/1/pkgs/teTeX-1.0.7/share/texmf/pdftex/config/pdftex.cfg]
LaTeX2e <1999/12/01> patch level 1
Babel <v3.6Z> and hyphenation patterns for american, french, german, ngerman, n
ohyphenation, loaded.
(/cs/1/pkgs/teTeX-1.0.7/share/texmf/tex/latex/base/article.cls
Document Class: article 1999/09/10 v1.4a Standard LaTeX document class
(/cs/1/pkgs/teTeX-1.0.7/share/texmf/tex/latex/base/size10.clo
File: size10.clo 1999/09/10 v1.4a Standard LaTeX file (size option)
)
\c@part=\count79
\c@section=\count80
\c@subsection=\count81
\c@subsubsection=\count82
\c@paragraph=\count83
\c@subparagraph=\count84
\c@figure=\count85
\c@table=\count86
\abovecaptionskip=\skip41
\belowcaptionskip=\skip42
\bibindent=\dimen102
) (lnotes.sty
Package: lnotes 2003/01/30 Boaz's Style file for Lecture Notes

(/cs/1/pkgs/teTeX-1.0.7/share/texmf/tex/latex/psnfss/times.sty
Package: times 1999/03/29 PSNFSS v.7.2 Times font as default roman : S Rahtz
)
(/cs/1/pkgs/teTeX-1.0.7/share/texmf/tex/latex/amsfonts/amsfonts.sty
Package: amsfonts 1997/09/17 v2.2e
\@emptytoks=\toks14
\symAMSa=\mathgroup4
\symAMSb=\mathgroup5
LaTeX Font Info:    Overwriting math alphabet `\mathfrak' in version `bold'
(Font)                  U/euf/m/n --> U/euf/b/n on input line 133.
)
(/cs/1/pkgs/teTeX-1.0.7/share/texmf/tex/latex/base/latexsym.sty
Package: latexsym 1998/08/17 v2.2e Standard LaTeX package (lasy symbols)
\symlasy=\mathgroup6
LaTeX Font Info:    Overwriting symbol font `lasy' in version `bold'
(Font)                  U/lasy/m/n --> U/lasy/b/n on input line 42.
)
(/cs/1/pkgs/teTeX-1.0.7/share/texmf/tex/latex/amsfonts/amssymb.sty
Package: amssymb 1996/11/03 v2.2b
)
(/cs/1/pkgs/teTeX-1.0.7/share/texmf/tex/latex/amsmath/amsmath.sty
Package: amsmath 2000/01/15 v2.05 AMS math features
\@mathmargin=\skip43

For additional information on amsmath, use the `?' option.
(/cs/1/pkgs/teTeX-1.0.7/share/texmf/tex/latex/amsmath/amstext.sty
Package: amstext 1999/11/15 v2.0

(/cs/1/pkgs/teTeX-1.0.7/share/texmf/tex/latex/amsmath/amsgen.sty
File: amsgen.sty 1999/11/30 v2.0
\@emptytoks=\toks15
\ex@=\dimen103
))
(/cs/1/pkgs/teTeX-1.0.7/share/texmf/tex/latex/amsmath/amsbsy.sty
Package: amsbsy 1999/11/29 v1.2d
\pmbraise@=\dimen104
)
(/cs/1/pkgs/teTeX-1.0.7/share/texmf/tex/latex/amsmath/amsopn.sty
Package: amsopn 1999/12/14 v2.01 operator names
)
\inf@bad=\count87
LaTeX Info: Redefining \frac on input line 198.
\uproot@=\count88
\leftroot@=\count89
LaTeX Info: Redefining \overline on input line 302.
\classnum@=\count90
\DOTSCASE@=\count91
LaTeX Info: Redefining \ldots on input line 376.
LaTeX Info: Redefining \dots on input line 379.
LaTeX Info: Redefining \cdots on input line 464.
\Mathstrutbox@=\box26
\strutbox@=\box27
\big@size=\dimen105
LaTeX Font Info:    Redeclaring font encoding OML on input line 563.
LaTeX Font Info:    Redeclaring font encoding OMS on input line 564.
\macc@skew=\dimen106
\c@MaxMatrixCols=\count92
\dotsspace@=\muskip10
\c@parentequation=\count93
\dspbrk@lvl=\count94
\tag@help=\toks16
\row@=\count95
\column@=\count96
\maxfields@=\count97
\andhelp@=\toks17
\eqnshift@=\dimen107
\alignsep@=\dimen108
\tagshift@=\dimen109
\tagwidth@=\dimen110
\totwidth@=\dimen111
\lineht@=\dimen112
\@envbody=\toks18
\multlinegap=\skip44
\multlinetaggap=\skip45
LaTeX Info: Redefining \[ on input line 2594.
LaTeX Info: Redefining \] on input line 2595.
)
(/cs/1/pkgs/teTeX-1.0.7/share/texmf/tex/latex/amscls/amsthm.sty
Package: amsthm 2000/01/17 v2.03
\thm@style=\toks19
\thm@bodyfont=\toks20
\thm@headfont=\toks21
\thm@notefont=\toks22
\thm@headpunct=\toks23
\thm@preskip=\skip46
\thm@postskip=\skip47
\thm@headsep=\skip48
\dth@everypar=\toks24
)
(/common/TeX.local/share/texmf/tex/latex/html/url.sty
Package: url 1999/03/02  ver 1.4  Verb mode for urls, email addresses, and file
 names
)
\c@theorem=\count98
\c@subclaim=\count99
\c@BBtmpC=\count100
)
(/cs/1/pkgs/teTeX-1.0.7/share/texmf/tex/latex/graphics/graphicx.sty
Package: graphicx 1999/02/16 v1.0f Enhanced LaTeX Graphics (DPC,SPQR)

(/cs/1/pkgs/teTeX-1.0.7/share/texmf/tex/latex/graphics/keyval.sty
Package: keyval 1999/03/16 v1.13 key=value parser (DPC)
\KV@toks@=\toks25
)
(/cs/1/pkgs/teTeX-1.0.7/share/texmf/tex/latex/graphics/graphics.sty
Package: graphics 1999/02/16 v1.0l Standard LaTeX Graphics (DPC,SPQR)

(/cs/1/pkgs/teTeX-1.0.7/share/texmf/tex/latex/graphics/trig.sty
Package: trig 1999/03/16 v1.09 sin cos tan (DPC)
)
(/cs/1/pkgs/teTeX-1.0.7/share/texmf/tex/latex/config/graphics.cfg)
Package graphics Info: Driver file: pdftex.def on input line 80.

(/cs/1/pkgs/teTeX-1.0.7/share/texmf/tex/latex/graphics/pdftex.def
File: pdftex.def 1999/10/13 v0.02r graphics/color for pdftex
\Gread@gobject=\count101
))
\Gin@req@height=\dimen113
\Gin@req@width=\dimen114
)
(/cs/1/pkgs/teTeX-1.0.7/share/texmf/tex/latex/tools/enumerate.sty
Package: enumerate 1999/03/05 v3.00 enumerate extensions (DPC)
\@enLab=\toks26
)
(/cs/1/pkgs/teTeX-1.0.7/share/texmf/tex/latex/misc/psfrag.sty
Package: psfrag 1998/04/11 v3.04 PSfrag (MCG)
\pfg@pcount=\count102
\pfg@scount=\count103
\pfg@temp=\write3
) (lecture1.aux)
\openout1 = `lecture1.aux'.

LaTeX Font Info:    Checking defaults for OML/cmm/m/it on input line 52.
LaTeX Font Info:    ... okay on input line 52.
LaTeX Font Info:    Checking defaults for T1/cmr/m/n on input line 52.
LaTeX Font Info:    ... okay on input line 52.
LaTeX Font Info:    Checking defaults for OT1/cmr/m/n on input line 52.
LaTeX Font Info:    ... okay on input line 52.
LaTeX Font Info:    Checking defaults for OMS/cmsy/m/n on input line 52.
LaTeX Font Info:    ... okay on input line 52.
LaTeX Font Info:    Checking defaults for OMX/cmex/m/n on input line 52.
LaTeX Font Info:    ... okay on input line 52.
LaTeX Font Info:    Checking defaults for U/cmr/m/n on input line 52.
LaTeX Font Info:    ... okay on input line 52.
LaTeX Font Info:    Try loading font information for OT1+ptm on input line 52.

(/cs/1/pkgs/teTeX-1.0.7/share/texmf/tex/latex/psnfss/ot1ptm.fd
File: ot1ptm.fd 1998/07/06 Fontinst v1.800 font definitions for OT1/ptm.
)
(/cs/1/pkgs/teTeX-1.0.7/share/texmf/tex/context/base/supp-pdf.tex
(/cs/1/pkgs/teTeX-1.0.7/share/texmf/tex/context/base/supp-mis.tex
loading : Context Support Macros / Missing
\protectiondepth=\count104
\scratchcounter=\count105
\scratchdimen=\dimen115
\scratchskip=\skip49
\scratchmuskip=\muskip11
\scratchbox=\box28
\scratchread=\read1
\scratchwrite=\write4
\nextbox=\box29
\nextdepth=\dimen116
\everyline=\toks27
\!!counta=\count106
\!!countb=\count107
\recursecounter=\count108
)
loading : Context Support Macros / PDF
\nofMPsegments=\count109
\nofMParguments=\count110
)
LaTeX Font Info:    Try loading font information for U+msa on input line 53.
 (/cs/1/pkgs/teTeX-1.0.7/share/texmf/tex/latex/amsfonts/umsa.fd
File: umsa.fd 1995/01/05 v2.2e AMS font definitions
)
LaTeX Font Info:    Try loading font information for U+msb on input line 53.

(/cs/1/pkgs/teTeX-1.0.7/share/texmf/tex/latex/amsfonts/umsb.fd
File: umsb.fd 1995/01/05 v2.2e AMS font definitions
)
LaTeX Font Info:    Try loading font information for U+lasy on input line 53.

(/cs/1/pkgs/teTeX-1.0.7/share/texmf/tex/latex/base/ulasy.fd
File: ulasy.fd 1998/08/17 v2.2eLaTeX symbol font definitions
)
LaTeX Font Info:    Font shape `OT1/ptm/bx/n' in size <10> not available
(Font)              Font shape `OT1/ptm/b/n' tried instead on input line 60.
LaTeX Font Info:    Font shape `OT1/ptm/bx/n' in size <14.4> not available
(Font)              Font shape `OT1/ptm/b/n' tried instead on input line 65.
 [1
Non-PDF special ignored!

[/cs/1/pkgs/teTeX-1.0.7/share/texmf/dvips/config/pdftex.map]]

LaTeX Warning: Citation `Prim57' on page 2 undefined on input line 130.


LaTeX Warning: Citation `Kruskal56' on page 2 undefined on input line 130.


LaTeX Warning: Citation `Chazelle00' on page 2 undefined on input line 130.


Overfull \hbox (6.09625pt too wide) in paragraph at lines 133--141
[]\OT1/ptm/m/n/10 Another clas-si-cal op-ti-miza-tion prob-lem is the Trav-el-l
ing Sales-man Prob-lem (TSP).
 []


Overfull \hbox (25.00003pt too wide) in paragraph at lines 150--165
[]$ 
 []

[2]

LaTeX Warning: Citation `EdmondsKa72' on page 3 undefined on input line 176.


LaTeX Warning: Citation `FordFu62' on page 3 undefined on input line 177.


LaTeX Warning: Citation `GoldbergTa88' on page 3 undefined on input line 178.

[3]
LaTeX Font Info:    Font shape `OT1/ptm/bx/n' in size <12> not available
(Font)              Font shape `OT1/ptm/b/n' tried instead on input line 230.
 <convex_set.pdf 156.58499pt, 123.46124pt, obj 27>
File: convex_set.pdf Graphic file (type pdf)
 <use convex_set.pdf>
<nonconvex_set.pdf 156.58499pt, 123.46124pt, obj 28>
File: nonconvex_set.pdf Graphic file (type pdf)
 <use nonconvex_set.pdf>
<convex_fun.pdf 312.16624pt, 157.58875pt, obj 29>
File: convex_fun.pdf Graphic file (type pdf)
 <use convex_fun.pdf> [4 <./convex_set.pdf> <./nonconvex_set.pdf>]
LaTeX Font Info:    Font shape `OT1/ptm/bx/it' in size <10> not available
(Font)              Font shape `OT1/ptm/b/it' tried instead on input line 299.
 [5 <./convex_fun.pdf>] [6]
<global_min.pdf 232.87pt, 167.62624pt, obj 63>
File: global_min.pdf Graphic file (type pdf)
 <use global_min.pdf> [7 <./global_min.pdf>] [8]
No file lecture1.bbl.
[9] (lecture1.aux)

LaTeX Warning: There were undefined references.

 )
(\end occurred when \ifnum on line 589 was incomplete) 
Here is how much of TeX's memory you used:
 2151 strings out of 10631
 24119 string characters out of 67978
 77221 words of memory out of 700001
 5090 multiletter control sequences out of 10000+0
 29936 words of font info for 77 fonts, out of 400000 for 1000
 14 hyphenation exceptions out of 1000
 34i,10n,24p,301b,309s stack positions out of 300i,100n,500p,50000b,4000s
<msam10.pfb><8r.enc><cmr5
.pfb><cmr7.pfb><cmsy5.pfb><cmex10.pfb><cmmi7.pfb><cmsy7.pfb><cmsy6.pfb><msbm10.
pfb><cmr10.pfb><cmmi10.pfb><cmsy10.pfb>
Output written on lecture1.pdf (9 pages, 109991 bytes).
